{
  "stats": {
    "suites": 5,
    "tests": 28,
    "passes": 27,
    "pending": 0,
    "failures": 1,
    "testsRegistered": 28,
    "passPercent": 96.42857142857143,
    "pendingPercent": 0,
    "other": 0,
    "hasOther": false,
    "skipped": 0,
    "hasSkipped": false,
    "start": "2023-08-03T08:37:32.141Z",
    "end": "2023-08-03T11:22:47.855Z",
    "duration": 9915714
  },
  "results": [
    {
      "uuid": "2f93bbc4-b311-41e0-b82a-24c9847d5691",
      "title": "",
      "fullFile": "cypress/e2e/test.cy.js",
      "file": "cypress/e2e/test.cy.js",
      "beforeHooks": [],
      "afterHooks": [],
      "tests": [],
      "suites": [
        {
          "uuid": "21fcedc0-1ef8-4214-89de-83eea3980ab3",
          "title": "FareHarbor - Book Online | Adults",
          "fullFile": "",
          "file": "",
          "beforeHooks": [],
          "afterHooks": [],
          "tests": [],
          "suites": [
            {
              "uuid": "c4b88ea5-921d-4446-a524-cec8a3a7e194",
              "title": "When page is initially opened",
              "fullFile": "",
              "file": "",
              "beforeHooks": [],
              "afterHooks": [],
              "tests": [
                {
                  "title": "company information is present",
                  "fullTitle": "FareHarbor - Book Online | Adults When page is initially opened company information is present",
                  "timedOut": null,
                  "duration": 3175,
                  "state": "passed",
                  "speed": "fast",
                  "pass": true,
                  "fail": false,
                  "pending": false,
                  "context": null,
                  "code": "_tourItemsPage.tourItemsPage.validatePageResponse();",
                  "err": {},
                  "uuid": "581085dc-154a-4838-b908-513f666a41b1",
                  "parentUUID": "c4b88ea5-921d-4446-a524-cec8a3a7e194",
                  "isHook": false,
                  "skipped": false
                }
              ],
              "suites": [],
              "passes": [
                "581085dc-154a-4838-b908-513f666a41b1"
              ],
              "failures": [],
              "pending": [],
              "skipped": [],
              "duration": 3175,
              "root": false,
              "rootEmpty": false,
              "_timeout": 2000
            },
            {
              "uuid": "e8f3ef09-601a-441d-b013-d54aa079085c",
              "title": "Select Activity: Walking tour",
              "fullFile": "",
              "file": "",
              "beforeHooks": [],
              "afterHooks": [],
              "tests": [
                {
                  "title": "I picked the activity: walking tour",
                  "fullTitle": "FareHarbor - Book Online | Adults Select Activity: Walking tour I picked the activity: walking tour",
                  "timedOut": null,
                  "duration": 611,
                  "state": "passed",
                  "speed": "fast",
                  "pass": true,
                  "fail": false,
                  "pending": false,
                  "context": null,
                  "code": "_tourItemsPage.tourItemsPage.selectActivity(_example.default.activitiesName[0]);\ncy.log(\"Selected Activity:\" + _example.default.activitiesName[0]);",
                  "err": {},
                  "uuid": "274ac558-52c8-4fba-90ff-37cb202a423c",
                  "parentUUID": "e8f3ef09-601a-441d-b013-d54aa079085c",
                  "isHook": false,
                  "skipped": false
                }
              ],
              "suites": [],
              "passes": [
                "274ac558-52c8-4fba-90ff-37cb202a423c"
              ],
              "failures": [],
              "pending": [],
              "skipped": [],
              "duration": 611,
              "root": false,
              "rootEmpty": false,
              "_timeout": 2000
            },
            {
              "uuid": "6165c6eb-5c55-4d76-889b-17c23ac52ac6",
              "title": "I checked the availability",
              "fullFile": "",
              "file": "",
              "beforeHooks": [],
              "afterHooks": [],
              "tests": [
                {
                  "title": "I picked a date/time for my activity",
                  "fullTitle": "FareHarbor - Book Online | Adults I checked the availability I picked a date/time for my activity",
                  "timedOut": null,
                  "duration": 1253,
                  "state": "passed",
                  "speed": "fast",
                  "pass": true,
                  "fail": false,
                  "pending": false,
                  "context": null,
                  "code": "_activityDetailsPage.activityPage.selectAvailableDate();\n_activityDetailsPage.activityPage.checkAvailability();",
                  "err": {},
                  "uuid": "45fb7827-80c7-477c-bc62-7f7f4f9d36b1",
                  "parentUUID": "6165c6eb-5c55-4d76-889b-17c23ac52ac6",
                  "isHook": false,
                  "skipped": false
                }
              ],
              "suites": [],
              "passes": [
                "45fb7827-80c7-477c-bc62-7f7f4f9d36b1"
              ],
              "failures": [],
              "pending": [],
              "skipped": [],
              "duration": 1253,
              "root": false,
              "rootEmpty": false,
              "_timeout": 2000
            },
            {
              "uuid": "f6e69eda-5dc4-4c38-ab72-61675480c2d6",
              "title": "I select the amount of people",
              "fullFile": "",
              "file": "",
              "beforeHooks": [],
              "afterHooks": [],
              "tests": [
                {
                  "title": "I added 1 adult",
                  "fullTitle": "FareHarbor - Book Online | Adults I select the amount of people I added 1 adult",
                  "timedOut": null,
                  "duration": 1620,
                  "state": "passed",
                  "speed": "fast",
                  "pass": true,
                  "fail": false,
                  "pending": false,
                  "context": null,
                  "code": "_personCountPage.personCountPage.addPeople(_example.default.adultCount);",
                  "err": {},
                  "uuid": "aa743322-3e2c-4d64-a285-8c57fadc91dc",
                  "parentUUID": "f6e69eda-5dc4-4c38-ab72-61675480c2d6",
                  "isHook": false,
                  "skipped": false
                }
              ],
              "suites": [],
              "passes": [
                "aa743322-3e2c-4d64-a285-8c57fadc91dc"
              ],
              "failures": [],
              "pending": [],
              "skipped": [],
              "duration": 1620,
              "root": false,
              "rootEmpty": false,
              "_timeout": 2000
            },
            {
              "uuid": "25208fba-b730-4816-a453-78f1b0edd5f7",
              "title": "I fill in my contact information",
              "fullFile": "",
              "file": "",
              "beforeHooks": [],
              "afterHooks": [],
              "tests": [
                {
                  "title": "I add my name, phone number and email",
                  "fullTitle": "FareHarbor - Book Online | Adults I fill in my contact information I add my name, phone number and email",
                  "timedOut": null,
                  "duration": 2304,
                  "state": "passed",
                  "speed": "fast",
                  "pass": true,
                  "fail": false,
                  "pending": false,
                  "context": null,
                  "code": "_PaymentDetailsPage.paymentDetails.fillContactInformation();",
                  "err": {},
                  "uuid": "007a5b3b-6bc7-4f4a-9419-e7e882d6cda0",
                  "parentUUID": "25208fba-b730-4816-a453-78f1b0edd5f7",
                  "isHook": false,
                  "skipped": false
                },
                {
                  "title": "I enter my credit card details",
                  "fullTitle": "FareHarbor - Book Online | Adults I fill in my contact information I enter my credit card details",
                  "timedOut": null,
                  "duration": 1796,
                  "state": "passed",
                  "speed": "fast",
                  "pass": true,
                  "fail": false,
                  "pending": false,
                  "context": null,
                  "code": "_PaymentDetailsPage.paymentDetails.fillPaymentCC(_example.default.cardNumber, _example.default.expiryMonth, _example.default.expiryYearIndex);",
                  "err": {},
                  "uuid": "f7b7efe8-181f-4b73-b717-1b41eb6cc063",
                  "parentUUID": "25208fba-b730-4816-a453-78f1b0edd5f7",
                  "isHook": false,
                  "skipped": false
                }
              ],
              "suites": [],
              "passes": [
                "007a5b3b-6bc7-4f4a-9419-e7e882d6cda0",
                "f7b7efe8-181f-4b73-b717-1b41eb6cc063"
              ],
              "failures": [],
              "pending": [],
              "skipped": [],
              "duration": 4100,
              "root": false,
              "rootEmpty": false,
              "_timeout": 2000
            },
            {
              "uuid": "61a71035-3aed-4d22-a6fc-51f91be11fc9",
              "title": "I pay and get confirmation",
              "fullFile": "",
              "file": "",
              "beforeHooks": [],
              "afterHooks": [],
              "tests": [
                {
                  "title": "I complete and play",
                  "fullTitle": "FareHarbor - Book Online | Adults I pay and get confirmation I complete and play",
                  "timedOut": null,
                  "duration": 188,
                  "state": "passed",
                  "speed": "fast",
                  "pass": true,
                  "fail": false,
                  "pending": false,
                  "context": null,
                  "code": "_PaymentDetailsPage.paymentDetails.confirmPayment();",
                  "err": {},
                  "uuid": "af7c4328-4344-4486-89e3-15589f6b074a",
                  "parentUUID": "61a71035-3aed-4d22-a6fc-51f91be11fc9",
                  "isHook": false,
                  "skipped": false
                },
                {
                  "title": "I get my receipt",
                  "fullTitle": "FareHarbor - Book Online | Adults I pay and get confirmation I get my receipt",
                  "timedOut": null,
                  "duration": 6334,
                  "state": "passed",
                  "speed": "medium",
                  "pass": true,
                  "fail": false,
                  "pending": false,
                  "context": null,
                  "code": "_bookingConfirmationPage.bookingConfirmed.CheckBookingStatus();",
                  "err": {},
                  "uuid": "628e2933-ecb9-41a0-b454-e6e9f6a37f77",
                  "parentUUID": "61a71035-3aed-4d22-a6fc-51f91be11fc9",
                  "isHook": false,
                  "skipped": false
                }
              ],
              "suites": [],
              "passes": [
                "af7c4328-4344-4486-89e3-15589f6b074a",
                "628e2933-ecb9-41a0-b454-e6e9f6a37f77"
              ],
              "failures": [],
              "pending": [],
              "skipped": [],
              "duration": 6522,
              "root": false,
              "rootEmpty": false,
              "_timeout": 2000
            }
          ],
          "passes": [],
          "failures": [],
          "pending": [],
          "skipped": [],
          "duration": 0,
          "root": false,
          "rootEmpty": false,
          "_timeout": 2000
        }
      ],
      "passes": [],
      "failures": [],
      "pending": [],
      "skipped": [],
      "duration": 0,
      "root": true,
      "rootEmpty": true,
      "_timeout": 2000
    },
    {
      "uuid": "a7249ad1-5bcb-4ff7-b22e-dec92b4af8d1",
      "title": "",
      "fullFile": "cypress/e2e/invoiceCalculation.cy.js",
      "file": "cypress/e2e/invoiceCalculation.cy.js",
      "beforeHooks": [],
      "afterHooks": [],
      "tests": [],
      "suites": [
        {
          "uuid": "2a8f7c87-4c4a-45d8-bd2e-904575fcb9c4",
          "title": "FareHarbor - Activity invoice calculation",
          "fullFile": "",
          "file": "",
          "beforeHooks": [],
          "afterHooks": [],
          "tests": [],
          "suites": [
            {
              "uuid": "6f3bc151-515c-40bb-a1be-6b1244609003",
              "title": "Validate invoice calculation ",
              "fullFile": "",
              "file": "",
              "beforeHooks": [],
              "afterHooks": [],
              "tests": [
                {
                  "title": "I validate invoice perform correct calculation",
                  "fullTitle": "FareHarbor - Activity invoice calculation Validate invoice calculation  I validate invoice perform correct calculation",
                  "timedOut": null,
                  "duration": 7468,
                  "state": "passed",
                  "speed": "medium",
                  "pass": true,
                  "fail": false,
                  "pending": false,
                  "context": null,
                  "code": "_tourItemsPage.tourItemsPage.validatePageResponse();\n_tourItemsPage.tourItemsPage.selectActivity(_example.default.activitiesName[1]);\n_activityDetailsPage.activityPage.checkTourPage(_example.default.activitiesName[1]);\n_activityDetailsPage.activityPage.selectAvailableDate();\n_activityDetailsPage.activityPage.selectAvailableTime();\n_personCountPage.personCountPage.addPerson(_example.default.sightSeeingPersons);\ncy.log('Total Person: ' + _example.default.sightSeeingPersons);\n_PaymentDetailsPage.paymentDetails.captureActivityAmount();\n_PaymentDetailsPage.paymentDetails.compareSubtotalAmount(_example.default.sightSeeingPersons);\ncy.log('Subtotal is correctly captured');",
                  "err": {},
                  "uuid": "7b721190-e0d7-4fa2-9d10-36abd6a403e6",
                  "parentUUID": "6f3bc151-515c-40bb-a1be-6b1244609003",
                  "isHook": false,
                  "skipped": false
                }
              ],
              "suites": [],
              "passes": [
                "7b721190-e0d7-4fa2-9d10-36abd6a403e6"
              ],
              "failures": [],
              "pending": [],
              "skipped": [],
              "duration": 7468,
              "root": false,
              "rootEmpty": false,
              "_timeout": 2000
            }
          ],
          "passes": [],
          "failures": [],
          "pending": [],
          "skipped": [],
          "duration": 0,
          "root": false,
          "rootEmpty": false,
          "_timeout": 2000
        }
      ],
      "passes": [],
      "failures": [],
      "pending": [],
      "skipped": [],
      "duration": 0,
      "root": true,
      "rootEmpty": true,
      "_timeout": 2000
    },
    {
      "uuid": "0dec7ac3-7f9c-41a9-b892-279d2461dc4a",
      "title": "",
      "fullFile": "cypress/e2e/paymentFailure.cy.js",
      "file": "cypress/e2e/paymentFailure.cy.js",
      "beforeHooks": [],
      "afterHooks": [],
      "tests": [],
      "suites": [
        {
          "uuid": "f582f70f-2f62-4b97-8632-8f9c814b08d8",
          "title": "FareHarbor - Book Online | Failed Payment",
          "fullFile": "",
          "file": "",
          "beforeHooks": [],
          "afterHooks": [],
          "tests": [],
          "suites": [
            {
              "uuid": "f1e99083-8e3e-475b-8761-f79fb3225692",
              "title": "When page is initially opened",
              "fullFile": "",
              "file": "",
              "beforeHooks": [],
              "afterHooks": [],
              "tests": [
                {
                  "title": "company information is present",
                  "fullTitle": "FareHarbor - Book Online | Failed Payment When page is initially opened company information is present",
                  "timedOut": null,
                  "duration": 2671,
                  "state": "passed",
                  "speed": "fast",
                  "pass": true,
                  "fail": false,
                  "pending": false,
                  "context": null,
                  "code": "_tourItemsPage.tourItemsPage.validatePageResponse();",
                  "err": {},
                  "uuid": "056182ad-e477-4c07-97b6-f087afbddfd8",
                  "parentUUID": "f1e99083-8e3e-475b-8761-f79fb3225692",
                  "isHook": false,
                  "skipped": false
                }
              ],
              "suites": [],
              "passes": [
                "056182ad-e477-4c07-97b6-f087afbddfd8"
              ],
              "failures": [],
              "pending": [],
              "skipped": [],
              "duration": 2671,
              "root": false,
              "rootEmpty": false,
              "_timeout": 2000
            },
            {
              "uuid": "cd4777b3-b53f-457a-a171-3d4fb96eec27",
              "title": "Select Activity: Walking tour",
              "fullFile": "",
              "file": "",
              "beforeHooks": [],
              "afterHooks": [],
              "tests": [
                {
                  "title": "I picked the activity: walking tour",
                  "fullTitle": "FareHarbor - Book Online | Failed Payment Select Activity: Walking tour I picked the activity: walking tour",
                  "timedOut": null,
                  "duration": 594,
                  "state": "passed",
                  "speed": "fast",
                  "pass": true,
                  "fail": false,
                  "pending": false,
                  "context": null,
                  "code": "//     tourItemsPage.selectActivity()\n_tourItemsPage.tourItemsPage.selectActivity(_example.default.activitiesName[0]);\ncy.log(\"Selected Activity:\" + _example.default.activitiesName[0]);",
                  "err": {},
                  "uuid": "3426dd91-efc2-4ccd-aa1b-9993ce216d42",
                  "parentUUID": "cd4777b3-b53f-457a-a171-3d4fb96eec27",
                  "isHook": false,
                  "skipped": false
                }
              ],
              "suites": [],
              "passes": [
                "3426dd91-efc2-4ccd-aa1b-9993ce216d42"
              ],
              "failures": [],
              "pending": [],
              "skipped": [],
              "duration": 594,
              "root": false,
              "rootEmpty": false,
              "_timeout": 2000
            },
            {
              "uuid": "f3e19461-e747-4c9d-8a25-f66cca476159",
              "title": "I checked the availability",
              "fullFile": "",
              "file": "",
              "beforeHooks": [],
              "afterHooks": [],
              "tests": [
                {
                  "title": "I picked a date/time for my activity",
                  "fullTitle": "FareHarbor - Book Online | Failed Payment I checked the availability I picked a date/time for my activity",
                  "timedOut": null,
                  "duration": 1844,
                  "state": "passed",
                  "speed": "fast",
                  "pass": true,
                  "fail": false,
                  "pending": false,
                  "context": null,
                  "code": "_activityDetailsPage.activityPage.selectAvailableDate();\n_activityDetailsPage.activityPage.checkAvailability();",
                  "err": {},
                  "uuid": "7579aaa7-3737-4a0f-9fc8-70b82100e986",
                  "parentUUID": "f3e19461-e747-4c9d-8a25-f66cca476159",
                  "isHook": false,
                  "skipped": false
                }
              ],
              "suites": [],
              "passes": [
                "7579aaa7-3737-4a0f-9fc8-70b82100e986"
              ],
              "failures": [],
              "pending": [],
              "skipped": [],
              "duration": 1844,
              "root": false,
              "rootEmpty": false,
              "_timeout": 2000
            },
            {
              "uuid": "873eeaca-71a4-4ba7-8b3a-3a2ee6888c31",
              "title": "I select the adults & children",
              "fullFile": "",
              "file": "",
              "beforeHooks": [],
              "afterHooks": [],
              "tests": [
                {
                  "title": "I added 1 adult & 2 children",
                  "fullTitle": "FareHarbor - Book Online | Failed Payment I select the adults & children I added 1 adult & 2 children",
                  "timedOut": null,
                  "duration": 2155,
                  "state": "passed",
                  "speed": "fast",
                  "pass": true,
                  "fail": false,
                  "pending": false,
                  "context": null,
                  "code": "_personCountPage.personCountPage.addPeople(_example.default.adultCount, _example.default.childrenCount);\ncy.log('Total Adult: ' + _example.default.adultCount + ' & ' + 'Total childrene: ' + _example.default.childrenCount);",
                  "err": {},
                  "uuid": "67e733b0-3c07-463d-832a-ad99d56ec563",
                  "parentUUID": "873eeaca-71a4-4ba7-8b3a-3a2ee6888c31",
                  "isHook": false,
                  "skipped": false
                }
              ],
              "suites": [],
              "passes": [
                "67e733b0-3c07-463d-832a-ad99d56ec563"
              ],
              "failures": [],
              "pending": [],
              "skipped": [],
              "duration": 2155,
              "root": false,
              "rootEmpty": false,
              "_timeout": 2000
            },
            {
              "uuid": "f2aeba95-d59a-462a-8341-65551901c294",
              "title": "I fill contact information with invalid payment card",
              "fullFile": "",
              "file": "",
              "beforeHooks": [],
              "afterHooks": [],
              "tests": [
                {
                  "title": "I add my name, phone number and email",
                  "fullTitle": "FareHarbor - Book Online | Failed Payment I fill contact information with invalid payment card I add my name, phone number and email",
                  "timedOut": null,
                  "duration": 2064,
                  "state": "passed",
                  "speed": "fast",
                  "pass": true,
                  "fail": false,
                  "pending": false,
                  "context": null,
                  "code": "_PaymentDetailsPage.paymentDetails.fillContactInformation();",
                  "err": {},
                  "uuid": "b2de7f94-c9c4-43cc-a97b-de2f210ac886",
                  "parentUUID": "f2aeba95-d59a-462a-8341-65551901c294",
                  "isHook": false,
                  "skipped": false
                },
                {
                  "title": "I enter wrong invalid card details",
                  "fullTitle": "FareHarbor - Book Online | Failed Payment I fill contact information with invalid payment card I enter wrong invalid card details",
                  "timedOut": null,
                  "duration": 1845,
                  "state": "passed",
                  "speed": "fast",
                  "pass": true,
                  "fail": false,
                  "pending": false,
                  "context": null,
                  "code": "_PaymentDetailsPage.paymentDetails.fillPaymentCC(_example.default.invalidCards[0], _example.default.expiryMonth, _example.default.expiryYearIndex);",
                  "err": {},
                  "uuid": "b16cb350-b425-4dcf-b143-37589099b3a4",
                  "parentUUID": "f2aeba95-d59a-462a-8341-65551901c294",
                  "isHook": false,
                  "skipped": false
                }
              ],
              "suites": [],
              "passes": [
                "b2de7f94-c9c4-43cc-a97b-de2f210ac886",
                "b16cb350-b425-4dcf-b143-37589099b3a4"
              ],
              "failures": [],
              "pending": [],
              "skipped": [],
              "duration": 3909,
              "root": false,
              "rootEmpty": false,
              "_timeout": 2000
            },
            {
              "uuid": "06cac7a9-24b9-45ff-930b-f0574cb86ba3",
              "title": "Payment card declined",
              "fullFile": "",
              "file": "",
              "beforeHooks": [],
              "afterHooks": [],
              "tests": [
                {
                  "title": "I complete and play",
                  "fullTitle": "FareHarbor - Book Online | Failed Payment Payment card declined I complete and play",
                  "timedOut": null,
                  "duration": 189,
                  "state": "passed",
                  "speed": "fast",
                  "pass": true,
                  "fail": false,
                  "pending": false,
                  "context": null,
                  "code": "_PaymentDetailsPage.paymentDetails.confirmPayment();",
                  "err": {},
                  "uuid": "729ffe34-bcd1-48e5-90dd-1767802b4456",
                  "parentUUID": "06cac7a9-24b9-45ff-930b-f0574cb86ba3",
                  "isHook": false,
                  "skipped": false
                },
                {
                  "title": "I got payment card declined",
                  "fullTitle": "FareHarbor - Book Online | Failed Payment Payment card declined I got payment card declined",
                  "timedOut": null,
                  "duration": 2443,
                  "state": "passed",
                  "speed": "fast",
                  "pass": true,
                  "fail": false,
                  "pending": false,
                  "context": null,
                  "code": "_bookingConfirmationPage.bookingConfirmed.CheckPaymentDeclineStatus();",
                  "err": {},
                  "uuid": "1e19108c-5507-43b2-a622-5877a7175c79",
                  "parentUUID": "06cac7a9-24b9-45ff-930b-f0574cb86ba3",
                  "isHook": false,
                  "skipped": false
                }
              ],
              "suites": [],
              "passes": [
                "729ffe34-bcd1-48e5-90dd-1767802b4456",
                "1e19108c-5507-43b2-a622-5877a7175c79"
              ],
              "failures": [],
              "pending": [],
              "skipped": [],
              "duration": 2632,
              "root": false,
              "rootEmpty": false,
              "_timeout": 2000
            },
            {
              "uuid": "0844f0b8-3a6c-4ed0-909f-678ba65d9c7a",
              "title": "No sufficent fund with new card",
              "fullFile": "",
              "file": "",
              "beforeHooks": [],
              "afterHooks": [],
              "tests": [
                {
                  "title": "I enter other card details & confirm payment",
                  "fullTitle": "FareHarbor - Book Online | Failed Payment No sufficent fund with new card I enter other card details & confirm payment",
                  "timedOut": null,
                  "duration": 792,
                  "state": "passed",
                  "speed": "fast",
                  "pass": true,
                  "fail": false,
                  "pending": false,
                  "context": null,
                  "code": "_PaymentDetailsPage.paymentDetails.fillOtherCardDetails(_example.default.invalidCards[1]);\n_PaymentDetailsPage.paymentDetails.confirmPayment();",
                  "err": {},
                  "uuid": "26daa001-2387-400b-bdc7-b8fd63527930",
                  "parentUUID": "0844f0b8-3a6c-4ed0-909f-678ba65d9c7a",
                  "isHook": false,
                  "skipped": false
                },
                {
                  "title": "I got insufficient fund decline message",
                  "fullTitle": "FareHarbor - Book Online | Failed Payment No sufficent fund with new card I got insufficient fund decline message",
                  "timedOut": null,
                  "duration": 2247,
                  "state": "passed",
                  "speed": "fast",
                  "pass": true,
                  "fail": false,
                  "pending": false,
                  "context": null,
                  "code": "_bookingConfirmationPage.bookingConfirmed.CheckPaymentDeclineStatus();",
                  "err": {},
                  "uuid": "bd08ce8a-7b6b-48ba-b7a7-f6a1f49c70b9",
                  "parentUUID": "0844f0b8-3a6c-4ed0-909f-678ba65d9c7a",
                  "isHook": false,
                  "skipped": false
                }
              ],
              "suites": [],
              "passes": [
                "26daa001-2387-400b-bdc7-b8fd63527930",
                "bd08ce8a-7b6b-48ba-b7a7-f6a1f49c70b9"
              ],
              "failures": [],
              "pending": [],
              "skipped": [],
              "duration": 3039,
              "root": false,
              "rootEmpty": false,
              "_timeout": 2000
            }
          ],
          "passes": [],
          "failures": [],
          "pending": [],
          "skipped": [],
          "duration": 0,
          "root": false,
          "rootEmpty": false,
          "_timeout": 2000
        }
      ],
      "passes": [],
      "failures": [],
      "pending": [],
      "skipped": [],
      "duration": 0,
      "root": true,
      "rootEmpty": true,
      "_timeout": 2000
    },
    {
      "uuid": "674a4e94-5bc5-4585-9d4c-2dd6966d4446",
      "title": "",
      "fullFile": "cypress/e2e/privateTourBooking.cy.js",
      "file": "cypress/e2e/privateTourBooking.cy.js",
      "beforeHooks": [],
      "afterHooks": [],
      "tests": [],
      "suites": [
        {
          "uuid": "2277dc69-39e5-4378-8d4d-4558c93cf2b2",
          "title": "FareHarbor - Big Apple Private Tour Booking",
          "fullFile": "",
          "file": "",
          "beforeHooks": [],
          "afterHooks": [],
          "tests": [],
          "suites": [
            {
              "uuid": "884dd095-3515-44bd-a0da-af6afaf3fa57",
              "title": "Validate big apple private tour booking",
              "fullFile": "",
              "file": "",
              "beforeHooks": [],
              "afterHooks": [],
              "tests": [
                {
                  "title": "I validate the booking process",
                  "fullTitle": "FareHarbor - Big Apple Private Tour Booking Validate big apple private tour booking I validate the booking process",
                  "timedOut": null,
                  "duration": 10659,
                  "state": "failed",
                  "speed": null,
                  "pass": false,
                  "fail": true,
                  "pending": false,
                  "context": null,
                  "code": "_tourItemsPage.tourItemsPage.validatePageResponse();\n_tourItemsPage.tourItemsPage.selectActivity(_example.default.activitiesName[2]);\n_activityDetailsPage.activityPage.matchTourHeading(_example.default.activitiesName[2]);\n_activityDetailsPage.activityPage.selectAvailableDate();\n_activityDetailsPage.activityPage.checkAvailability();\n_personCountPage.personCountPage.privatetourPerson(_example.default.privateTourPersons);\ncy.log('Total Person: ' + _example.default.privateTourPersons);\n_personCountPage.personCountPage.cateringOption();\n_PaymentDetailsPage.paymentDetails.fillContactInformation();\n_PaymentDetailsPage.paymentDetails.fillPaymentCC(_example.default.cardNumber, _example.default.expiryMonth, _example.default.expiryYearIndex);\n_PaymentDetailsPage.paymentDetails.confirmPayment();\n_bookingConfirmationPage.bookingConfirmed.CheckBookingStatus();\n_bookingConfirmationPage.bookingConfirmed.validateBookingDetails(_example.default.activitiesName[2], _example.default.privateTourPersons);",
                  "err": {
                    "message": "AssertionError: Timed out retrying after 10000ms: Expected to find element: `.item-grid`, but never found it.",
                    "estack": "AssertionError: Timed out retrying after 10000ms: Expected to find element: `.item-grid`, but never found it.\n    at TourItemsPage.selectActivity (webpack:///./cypress/support/pageObjects/tourItemsPage.js:13:7)\n    at Context.eval (webpack:///./cypress/e2e/privateTourBooking.cy.js:21:26)",
                    "diff": null
                  },
                  "uuid": "1a016252-b7eb-4cea-bdd3-bc7ab304d382",
                  "parentUUID": "884dd095-3515-44bd-a0da-af6afaf3fa57",
                  "isHook": false,
                  "skipped": false
                }
              ],
              "suites": [],
              "passes": [],
              "failures": [
                "1a016252-b7eb-4cea-bdd3-bc7ab304d382"
              ],
              "pending": [],
              "skipped": [],
              "duration": 10659,
              "root": false,
              "rootEmpty": false,
              "_timeout": 2000
            }
          ],
          "passes": [],
          "failures": [],
          "pending": [],
          "skipped": [],
          "duration": 0,
          "root": false,
          "rootEmpty": false,
          "_timeout": 2000
        }
      ],
      "passes": [],
      "failures": [],
      "pending": [],
      "skipped": [],
      "duration": 0,
      "root": true,
      "rootEmpty": true,
      "_timeout": 2000
    },
    {
      "uuid": "2f470027-c8db-4979-8b47-e035163960cb",
      "title": "",
      "fullFile": "cypress/e2e/test.cy.js",
      "file": "cypress/e2e/test.cy.js",
      "beforeHooks": [],
      "afterHooks": [],
      "tests": [],
      "suites": [
        {
          "uuid": "07657248-8323-4ab5-b247-b668289bce4a",
          "title": "FareHarbor - Book Online | Adults",
          "fullFile": "",
          "file": "",
          "beforeHooks": [],
          "afterHooks": [],
          "tests": [],
          "suites": [
            {
              "uuid": "c858464b-b74a-4837-a540-e5d5bd6f6f9b",
              "title": "When page is initially opened",
              "fullFile": "",
              "file": "",
              "beforeHooks": [],
              "afterHooks": [],
              "tests": [
                {
                  "title": "company information is present",
                  "fullTitle": "FareHarbor - Book Online | Adults When page is initially opened company information is present",
                  "timedOut": null,
                  "duration": 4000,
                  "state": "passed",
                  "speed": "fast",
                  "pass": true,
                  "fail": false,
                  "pending": false,
                  "context": null,
                  "code": "_tourItemsPage.tourItemsPage.validatePageResponse();",
                  "err": {},
                  "uuid": "38fee221-8888-428d-a154-65dbf0ccc65e",
                  "parentUUID": "c858464b-b74a-4837-a540-e5d5bd6f6f9b",
                  "isHook": false,
                  "skipped": false
                }
              ],
              "suites": [],
              "passes": [
                "38fee221-8888-428d-a154-65dbf0ccc65e"
              ],
              "failures": [],
              "pending": [],
              "skipped": [],
              "duration": 4000,
              "root": false,
              "rootEmpty": false,
              "_timeout": 2000
            },
            {
              "uuid": "2b207e6c-3752-4366-bfa4-c12e9026dfa4",
              "title": "Select Activity: Walking tour",
              "fullFile": "",
              "file": "",
              "beforeHooks": [],
              "afterHooks": [],
              "tests": [
                {
                  "title": "I picked the activity: walking tour",
                  "fullTitle": "FareHarbor - Book Online | Adults Select Activity: Walking tour I picked the activity: walking tour",
                  "timedOut": null,
                  "duration": 594,
                  "state": "passed",
                  "speed": "fast",
                  "pass": true,
                  "fail": false,
                  "pending": false,
                  "context": null,
                  "code": "_tourItemsPage.tourItemsPage.selectActivity(_example.default.activitiesName[0]);\ncy.log(\"Selected Activity:\" + _example.default.activitiesName[0]);",
                  "err": {},
                  "uuid": "30930784-3f90-4ab8-8100-37ba3d44da10",
                  "parentUUID": "2b207e6c-3752-4366-bfa4-c12e9026dfa4",
                  "isHook": false,
                  "skipped": false
                }
              ],
              "suites": [],
              "passes": [
                "30930784-3f90-4ab8-8100-37ba3d44da10"
              ],
              "failures": [],
              "pending": [],
              "skipped": [],
              "duration": 594,
              "root": false,
              "rootEmpty": false,
              "_timeout": 2000
            },
            {
              "uuid": "000b0805-5e1d-4462-b94a-f10ed5bb554c",
              "title": "I checked the availability",
              "fullFile": "",
              "file": "",
              "beforeHooks": [],
              "afterHooks": [],
              "tests": [
                {
                  "title": "I picked a date/time for my activity",
                  "fullTitle": "FareHarbor - Book Online | Adults I checked the availability I picked a date/time for my activity",
                  "timedOut": null,
                  "duration": 1362,
                  "state": "passed",
                  "speed": "fast",
                  "pass": true,
                  "fail": false,
                  "pending": false,
                  "context": null,
                  "code": "_activityDetailsPage.activityPage.selectAvailableDate();\n_activityDetailsPage.activityPage.checkAvailability();",
                  "err": {},
                  "uuid": "6b635556-45a5-400d-ae08-bee095baa3f8",
                  "parentUUID": "000b0805-5e1d-4462-b94a-f10ed5bb554c",
                  "isHook": false,
                  "skipped": false
                }
              ],
              "suites": [],
              "passes": [
                "6b635556-45a5-400d-ae08-bee095baa3f8"
              ],
              "failures": [],
              "pending": [],
              "skipped": [],
              "duration": 1362,
              "root": false,
              "rootEmpty": false,
              "_timeout": 2000
            },
            {
              "uuid": "740fe600-381d-4a4c-b897-0f2f0244c77c",
              "title": "I select the amount of people",
              "fullFile": "",
              "file": "",
              "beforeHooks": [],
              "afterHooks": [],
              "tests": [
                {
                  "title": "I added 1 adult",
                  "fullTitle": "FareHarbor - Book Online | Adults I select the amount of people I added 1 adult",
                  "timedOut": null,
                  "duration": 2079,
                  "state": "passed",
                  "speed": "fast",
                  "pass": true,
                  "fail": false,
                  "pending": false,
                  "context": null,
                  "code": "_personCountPage.personCountPage.addPeople(_example.default.adultCount);",
                  "err": {},
                  "uuid": "83d3a86a-8fd0-431b-9fe0-3a16dc65c210",
                  "parentUUID": "740fe600-381d-4a4c-b897-0f2f0244c77c",
                  "isHook": false,
                  "skipped": false
                }
              ],
              "suites": [],
              "passes": [
                "83d3a86a-8fd0-431b-9fe0-3a16dc65c210"
              ],
              "failures": [],
              "pending": [],
              "skipped": [],
              "duration": 2079,
              "root": false,
              "rootEmpty": false,
              "_timeout": 2000
            },
            {
              "uuid": "3e01514f-8b60-466e-b11b-9e78947a440d",
              "title": "I fill in my contact information",
              "fullFile": "",
              "file": "",
              "beforeHooks": [],
              "afterHooks": [],
              "tests": [
                {
                  "title": "I add my name, phone number and email",
                  "fullTitle": "FareHarbor - Book Online | Adults I fill in my contact information I add my name, phone number and email",
                  "timedOut": null,
                  "duration": 2192,
                  "state": "passed",
                  "speed": "fast",
                  "pass": true,
                  "fail": false,
                  "pending": false,
                  "context": null,
                  "code": "_PaymentDetailsPage.paymentDetails.fillContactInformation();",
                  "err": {},
                  "uuid": "6c9f3435-1cda-4d30-92df-c1d798e95b09",
                  "parentUUID": "3e01514f-8b60-466e-b11b-9e78947a440d",
                  "isHook": false,
                  "skipped": false
                },
                {
                  "title": "I enter my credit card details",
                  "fullTitle": "FareHarbor - Book Online | Adults I fill in my contact information I enter my credit card details",
                  "timedOut": null,
                  "duration": 1791,
                  "state": "passed",
                  "speed": "fast",
                  "pass": true,
                  "fail": false,
                  "pending": false,
                  "context": null,
                  "code": "_PaymentDetailsPage.paymentDetails.fillPaymentCC(_example.default.cardNumber, _example.default.expiryMonth, _example.default.expiryYearIndex);",
                  "err": {},
                  "uuid": "b92df89a-abd5-491e-a51d-427a1acc81b5",
                  "parentUUID": "3e01514f-8b60-466e-b11b-9e78947a440d",
                  "isHook": false,
                  "skipped": false
                }
              ],
              "suites": [],
              "passes": [
                "6c9f3435-1cda-4d30-92df-c1d798e95b09",
                "b92df89a-abd5-491e-a51d-427a1acc81b5"
              ],
              "failures": [],
              "pending": [],
              "skipped": [],
              "duration": 3983,
              "root": false,
              "rootEmpty": false,
              "_timeout": 2000
            },
            {
              "uuid": "ee55bfd6-e0a6-4781-8478-a3636ac310eb",
              "title": "I pay and get confirmation",
              "fullFile": "",
              "file": "",
              "beforeHooks": [],
              "afterHooks": [],
              "tests": [
                {
                  "title": "I complete and play",
                  "fullTitle": "FareHarbor - Book Online | Adults I pay and get confirmation I complete and play",
                  "timedOut": null,
                  "duration": 191,
                  "state": "passed",
                  "speed": "fast",
                  "pass": true,
                  "fail": false,
                  "pending": false,
                  "context": null,
                  "code": "_PaymentDetailsPage.paymentDetails.confirmPayment();",
                  "err": {},
                  "uuid": "906c5c92-5ba0-49c4-8c13-a777259ea48f",
                  "parentUUID": "ee55bfd6-e0a6-4781-8478-a3636ac310eb",
                  "isHook": false,
                  "skipped": false
                },
                {
                  "title": "I get my receipt",
                  "fullTitle": "FareHarbor - Book Online | Adults I pay and get confirmation I get my receipt",
                  "timedOut": null,
                  "duration": 6397,
                  "state": "passed",
                  "speed": "medium",
                  "pass": true,
                  "fail": false,
                  "pending": false,
                  "context": null,
                  "code": "_bookingConfirmationPage.bookingConfirmed.CheckBookingStatus();",
                  "err": {},
                  "uuid": "86eae261-204e-41f7-ada4-228966cda721",
                  "parentUUID": "ee55bfd6-e0a6-4781-8478-a3636ac310eb",
                  "isHook": false,
                  "skipped": false
                }
              ],
              "suites": [],
              "passes": [
                "906c5c92-5ba0-49c4-8c13-a777259ea48f",
                "86eae261-204e-41f7-ada4-228966cda721"
              ],
              "failures": [],
              "pending": [],
              "skipped": [],
              "duration": 6588,
              "root": false,
              "rootEmpty": false,
              "_timeout": 2000
            }
          ],
          "passes": [],
          "failures": [],
          "pending": [],
          "skipped": [],
          "duration": 0,
          "root": false,
          "rootEmpty": false,
          "_timeout": 2000
        }
      ],
      "passes": [],
      "failures": [],
      "pending": [],
      "skipped": [],
      "duration": 0,
      "root": true,
      "rootEmpty": true,
      "_timeout": 2000
    }
  ],
  "meta": {
    "mocha": {
      "version": "7.0.1"
    },
    "mochawesome": {
      "options": {
        "quiet": false,
        "reportFilename": "mochawesome",
        "saveHtml": false,
        "saveJson": true,
        "consoleReporter": "spec",
        "useInlineDiffs": false,
        "code": true
      },
      "version": "7.1.3"
    },
    "marge": {
      "options": {
        "reportDir": "cypress/reports/mochawesome-report",
        "overwrite": true,
        "html": false,
        "json": true
      },
      "version": "6.2.0"
    }
  }
}