{
  "stats": {
    "suites": 7,
    "tests": 8,
    "passes": 8,
    "pending": 0,
    "failures": 0,
    "start": "2023-08-03T11:22:26.602Z",
    "end": "2023-08-03T11:22:47.855Z",
    "duration": 21253,
    "testsRegistered": 8,
    "passPercent": 100,
    "pendingPercent": 0,
    "other": 0,
    "hasOther": false,
    "skipped": 0,
    "hasSkipped": false
  },
  "results": [
    {
      "uuid": "2f93bbc4-b311-41e0-b82a-24c9847d5691",
      "title": "",
      "fullFile": "cypress/e2e/test.cy.js",
      "file": "cypress/e2e/test.cy.js",
      "beforeHooks": [],
      "afterHooks": [],
      "tests": [],
      "suites": [
        {
          "uuid": "21fcedc0-1ef8-4214-89de-83eea3980ab3",
          "title": "FareHarbor - Book Online | Adults",
          "fullFile": "",
          "file": "",
          "beforeHooks": [],
          "afterHooks": [],
          "tests": [],
          "suites": [
            {
              "uuid": "c4b88ea5-921d-4446-a524-cec8a3a7e194",
              "title": "When page is initially opened",
              "fullFile": "",
              "file": "",
              "beforeHooks": [],
              "afterHooks": [],
              "tests": [
                {
                  "title": "company information is present",
                  "fullTitle": "FareHarbor - Book Online | Adults When page is initially opened company information is present",
                  "timedOut": null,
                  "duration": 3175,
                  "state": "passed",
                  "speed": "fast",
                  "pass": true,
                  "fail": false,
                  "pending": false,
                  "context": null,
                  "code": "_tourItemsPage.tourItemsPage.validatePageResponse();",
                  "err": {},
                  "uuid": "581085dc-154a-4838-b908-513f666a41b1",
                  "parentUUID": "c4b88ea5-921d-4446-a524-cec8a3a7e194",
                  "isHook": false,
                  "skipped": false
                }
              ],
              "suites": [],
              "passes": [
                "581085dc-154a-4838-b908-513f666a41b1"
              ],
              "failures": [],
              "pending": [],
              "skipped": [],
              "duration": 3175,
              "root": false,
              "rootEmpty": false,
              "_timeout": 2000
            },
            {
              "uuid": "e8f3ef09-601a-441d-b013-d54aa079085c",
              "title": "Select Activity: Walking tour",
              "fullFile": "",
              "file": "",
              "beforeHooks": [],
              "afterHooks": [],
              "tests": [
                {
                  "title": "I picked the activity: walking tour",
                  "fullTitle": "FareHarbor - Book Online | Adults Select Activity: Walking tour I picked the activity: walking tour",
                  "timedOut": null,
                  "duration": 611,
                  "state": "passed",
                  "speed": "fast",
                  "pass": true,
                  "fail": false,
                  "pending": false,
                  "context": null,
                  "code": "_tourItemsPage.tourItemsPage.selectActivity(_example.default.activitiesName[0]);\ncy.log(\"Selected Activity:\" + _example.default.activitiesName[0]);",
                  "err": {},
                  "uuid": "274ac558-52c8-4fba-90ff-37cb202a423c",
                  "parentUUID": "e8f3ef09-601a-441d-b013-d54aa079085c",
                  "isHook": false,
                  "skipped": false
                }
              ],
              "suites": [],
              "passes": [
                "274ac558-52c8-4fba-90ff-37cb202a423c"
              ],
              "failures": [],
              "pending": [],
              "skipped": [],
              "duration": 611,
              "root": false,
              "rootEmpty": false,
              "_timeout": 2000
            },
            {
              "uuid": "6165c6eb-5c55-4d76-889b-17c23ac52ac6",
              "title": "I checked the availability",
              "fullFile": "",
              "file": "",
              "beforeHooks": [],
              "afterHooks": [],
              "tests": [
                {
                  "title": "I picked a date/time for my activity",
                  "fullTitle": "FareHarbor - Book Online | Adults I checked the availability I picked a date/time for my activity",
                  "timedOut": null,
                  "duration": 1253,
                  "state": "passed",
                  "speed": "fast",
                  "pass": true,
                  "fail": false,
                  "pending": false,
                  "context": null,
                  "code": "_activityDetailsPage.activityPage.selectAvailableDate();\n_activityDetailsPage.activityPage.checkAvailability();",
                  "err": {},
                  "uuid": "45fb7827-80c7-477c-bc62-7f7f4f9d36b1",
                  "parentUUID": "6165c6eb-5c55-4d76-889b-17c23ac52ac6",
                  "isHook": false,
                  "skipped": false
                }
              ],
              "suites": [],
              "passes": [
                "45fb7827-80c7-477c-bc62-7f7f4f9d36b1"
              ],
              "failures": [],
              "pending": [],
              "skipped": [],
              "duration": 1253,
              "root": false,
              "rootEmpty": false,
              "_timeout": 2000
            },
            {
              "uuid": "f6e69eda-5dc4-4c38-ab72-61675480c2d6",
              "title": "I select the amount of people",
              "fullFile": "",
              "file": "",
              "beforeHooks": [],
              "afterHooks": [],
              "tests": [
                {
                  "title": "I added 1 adult",
                  "fullTitle": "FareHarbor - Book Online | Adults I select the amount of people I added 1 adult",
                  "timedOut": null,
                  "duration": 1620,
                  "state": "passed",
                  "speed": "fast",
                  "pass": true,
                  "fail": false,
                  "pending": false,
                  "context": null,
                  "code": "_personCountPage.personCountPage.addPeople(_example.default.adultCount);",
                  "err": {},
                  "uuid": "aa743322-3e2c-4d64-a285-8c57fadc91dc",
                  "parentUUID": "f6e69eda-5dc4-4c38-ab72-61675480c2d6",
                  "isHook": false,
                  "skipped": false
                }
              ],
              "suites": [],
              "passes": [
                "aa743322-3e2c-4d64-a285-8c57fadc91dc"
              ],
              "failures": [],
              "pending": [],
              "skipped": [],
              "duration": 1620,
              "root": false,
              "rootEmpty": false,
              "_timeout": 2000
            },
            {
              "uuid": "25208fba-b730-4816-a453-78f1b0edd5f7",
              "title": "I fill in my contact information",
              "fullFile": "",
              "file": "",
              "beforeHooks": [],
              "afterHooks": [],
              "tests": [
                {
                  "title": "I add my name, phone number and email",
                  "fullTitle": "FareHarbor - Book Online | Adults I fill in my contact information I add my name, phone number and email",
                  "timedOut": null,
                  "duration": 2304,
                  "state": "passed",
                  "speed": "fast",
                  "pass": true,
                  "fail": false,
                  "pending": false,
                  "context": null,
                  "code": "_PaymentDetailsPage.paymentDetails.fillContactInformation();",
                  "err": {},
                  "uuid": "007a5b3b-6bc7-4f4a-9419-e7e882d6cda0",
                  "parentUUID": "25208fba-b730-4816-a453-78f1b0edd5f7",
                  "isHook": false,
                  "skipped": false
                },
                {
                  "title": "I enter my credit card details",
                  "fullTitle": "FareHarbor - Book Online | Adults I fill in my contact information I enter my credit card details",
                  "timedOut": null,
                  "duration": 1796,
                  "state": "passed",
                  "speed": "fast",
                  "pass": true,
                  "fail": false,
                  "pending": false,
                  "context": null,
                  "code": "_PaymentDetailsPage.paymentDetails.fillPaymentCC(_example.default.cardNumber, _example.default.expiryMonth, _example.default.expiryYearIndex);",
                  "err": {},
                  "uuid": "f7b7efe8-181f-4b73-b717-1b41eb6cc063",
                  "parentUUID": "25208fba-b730-4816-a453-78f1b0edd5f7",
                  "isHook": false,
                  "skipped": false
                }
              ],
              "suites": [],
              "passes": [
                "007a5b3b-6bc7-4f4a-9419-e7e882d6cda0",
                "f7b7efe8-181f-4b73-b717-1b41eb6cc063"
              ],
              "failures": [],
              "pending": [],
              "skipped": [],
              "duration": 4100,
              "root": false,
              "rootEmpty": false,
              "_timeout": 2000
            },
            {
              "uuid": "61a71035-3aed-4d22-a6fc-51f91be11fc9",
              "title": "I pay and get confirmation",
              "fullFile": "",
              "file": "",
              "beforeHooks": [],
              "afterHooks": [],
              "tests": [
                {
                  "title": "I complete and play",
                  "fullTitle": "FareHarbor - Book Online | Adults I pay and get confirmation I complete and play",
                  "timedOut": null,
                  "duration": 188,
                  "state": "passed",
                  "speed": "fast",
                  "pass": true,
                  "fail": false,
                  "pending": false,
                  "context": null,
                  "code": "_PaymentDetailsPage.paymentDetails.confirmPayment();",
                  "err": {},
                  "uuid": "af7c4328-4344-4486-89e3-15589f6b074a",
                  "parentUUID": "61a71035-3aed-4d22-a6fc-51f91be11fc9",
                  "isHook": false,
                  "skipped": false
                },
                {
                  "title": "I get my receipt",
                  "fullTitle": "FareHarbor - Book Online | Adults I pay and get confirmation I get my receipt",
                  "timedOut": null,
                  "duration": 6334,
                  "state": "passed",
                  "speed": "medium",
                  "pass": true,
                  "fail": false,
                  "pending": false,
                  "context": null,
                  "code": "_bookingConfirmationPage.bookingConfirmed.CheckBookingStatus();",
                  "err": {},
                  "uuid": "628e2933-ecb9-41a0-b454-e6e9f6a37f77",
                  "parentUUID": "61a71035-3aed-4d22-a6fc-51f91be11fc9",
                  "isHook": false,
                  "skipped": false
                }
              ],
              "suites": [],
              "passes": [
                "af7c4328-4344-4486-89e3-15589f6b074a",
                "628e2933-ecb9-41a0-b454-e6e9f6a37f77"
              ],
              "failures": [],
              "pending": [],
              "skipped": [],
              "duration": 6522,
              "root": false,
              "rootEmpty": false,
              "_timeout": 2000
            }
          ],
          "passes": [],
          "failures": [],
          "pending": [],
          "skipped": [],
          "duration": 0,
          "root": false,
          "rootEmpty": false,
          "_timeout": 2000
        }
      ],
      "passes": [],
      "failures": [],
      "pending": [],
      "skipped": [],
      "duration": 0,
      "root": true,
      "rootEmpty": true,
      "_timeout": 2000
    }
  ],
  "meta": {
    "mocha": {
      "version": "7.0.1"
    },
    "mochawesome": {
      "options": {
        "quiet": false,
        "reportFilename": "mochawesome",
        "saveHtml": false,
        "saveJson": true,
        "consoleReporter": "spec",
        "useInlineDiffs": false,
        "code": true
      },
      "version": "7.1.3"
    },
    "marge": {
      "options": {
        "reportDir": "cypress/reports/mochawesome-report",
        "overwrite": true,
        "html": false,
        "json": true
      },
      "version": "6.2.0"
    }
  }
}