{
  "stats": {
    "suites": 8,
    "tests": 10,
    "passes": 10,
    "pending": 0,
    "failures": 0,
    "start": "2023-08-03T08:37:52.893Z",
    "end": "2023-08-03T08:38:25.574Z",
    "duration": 32681,
    "testsRegistered": 10,
    "passPercent": 100,
    "pendingPercent": 0,
    "other": 0,
    "hasOther": false,
    "skipped": 0,
    "hasSkipped": false
  },
  "results": [
    {
      "uuid": "0dec7ac3-7f9c-41a9-b892-279d2461dc4a",
      "title": "",
      "fullFile": "cypress/e2e/paymentFailure.cy.js",
      "file": "cypress/e2e/paymentFailure.cy.js",
      "beforeHooks": [],
      "afterHooks": [],
      "tests": [],
      "suites": [
        {
          "uuid": "f582f70f-2f62-4b97-8632-8f9c814b08d8",
          "title": "FareHarbor - Book Online | Failed Payment",
          "fullFile": "",
          "file": "",
          "beforeHooks": [],
          "afterHooks": [],
          "tests": [],
          "suites": [
            {
              "uuid": "f1e99083-8e3e-475b-8761-f79fb3225692",
              "title": "When page is initially opened",
              "fullFile": "",
              "file": "",
              "beforeHooks": [],
              "afterHooks": [],
              "tests": [
                {
                  "title": "company information is present",
                  "fullTitle": "FareHarbor - Book Online | Failed Payment When page is initially opened company information is present",
                  "timedOut": null,
                  "duration": 2671,
                  "state": "passed",
                  "speed": "fast",
                  "pass": true,
                  "fail": false,
                  "pending": false,
                  "context": null,
                  "code": "_tourItemsPage.tourItemsPage.validatePageResponse();",
                  "err": {},
                  "uuid": "056182ad-e477-4c07-97b6-f087afbddfd8",
                  "parentUUID": "f1e99083-8e3e-475b-8761-f79fb3225692",
                  "isHook": false,
                  "skipped": false
                }
              ],
              "suites": [],
              "passes": [
                "056182ad-e477-4c07-97b6-f087afbddfd8"
              ],
              "failures": [],
              "pending": [],
              "skipped": [],
              "duration": 2671,
              "root": false,
              "rootEmpty": false,
              "_timeout": 2000
            },
            {
              "uuid": "cd4777b3-b53f-457a-a171-3d4fb96eec27",
              "title": "Select Activity: Walking tour",
              "fullFile": "",
              "file": "",
              "beforeHooks": [],
              "afterHooks": [],
              "tests": [
                {
                  "title": "I picked the activity: walking tour",
                  "fullTitle": "FareHarbor - Book Online | Failed Payment Select Activity: Walking tour I picked the activity: walking tour",
                  "timedOut": null,
                  "duration": 594,
                  "state": "passed",
                  "speed": "fast",
                  "pass": true,
                  "fail": false,
                  "pending": false,
                  "context": null,
                  "code": "//     tourItemsPage.selectActivity()\n_tourItemsPage.tourItemsPage.selectActivity(_example.default.activitiesName[0]);\ncy.log(\"Selected Activity:\" + _example.default.activitiesName[0]);",
                  "err": {},
                  "uuid": "3426dd91-efc2-4ccd-aa1b-9993ce216d42",
                  "parentUUID": "cd4777b3-b53f-457a-a171-3d4fb96eec27",
                  "isHook": false,
                  "skipped": false
                }
              ],
              "suites": [],
              "passes": [
                "3426dd91-efc2-4ccd-aa1b-9993ce216d42"
              ],
              "failures": [],
              "pending": [],
              "skipped": [],
              "duration": 594,
              "root": false,
              "rootEmpty": false,
              "_timeout": 2000
            },
            {
              "uuid": "f3e19461-e747-4c9d-8a25-f66cca476159",
              "title": "I checked the availability",
              "fullFile": "",
              "file": "",
              "beforeHooks": [],
              "afterHooks": [],
              "tests": [
                {
                  "title": "I picked a date/time for my activity",
                  "fullTitle": "FareHarbor - Book Online | Failed Payment I checked the availability I picked a date/time for my activity",
                  "timedOut": null,
                  "duration": 1844,
                  "state": "passed",
                  "speed": "fast",
                  "pass": true,
                  "fail": false,
                  "pending": false,
                  "context": null,
                  "code": "_activityDetailsPage.activityPage.selectAvailableDate();\n_activityDetailsPage.activityPage.checkAvailability();",
                  "err": {},
                  "uuid": "7579aaa7-3737-4a0f-9fc8-70b82100e986",
                  "parentUUID": "f3e19461-e747-4c9d-8a25-f66cca476159",
                  "isHook": false,
                  "skipped": false
                }
              ],
              "suites": [],
              "passes": [
                "7579aaa7-3737-4a0f-9fc8-70b82100e986"
              ],
              "failures": [],
              "pending": [],
              "skipped": [],
              "duration": 1844,
              "root": false,
              "rootEmpty": false,
              "_timeout": 2000
            },
            {
              "uuid": "873eeaca-71a4-4ba7-8b3a-3a2ee6888c31",
              "title": "I select the adults & children",
              "fullFile": "",
              "file": "",
              "beforeHooks": [],
              "afterHooks": [],
              "tests": [
                {
                  "title": "I added 1 adult & 2 children",
                  "fullTitle": "FareHarbor - Book Online | Failed Payment I select the adults & children I added 1 adult & 2 children",
                  "timedOut": null,
                  "duration": 2155,
                  "state": "passed",
                  "speed": "fast",
                  "pass": true,
                  "fail": false,
                  "pending": false,
                  "context": null,
                  "code": "_personCountPage.personCountPage.addPeople(_example.default.adultCount, _example.default.childrenCount);\ncy.log('Total Adult: ' + _example.default.adultCount + ' & ' + 'Total childrene: ' + _example.default.childrenCount);",
                  "err": {},
                  "uuid": "67e733b0-3c07-463d-832a-ad99d56ec563",
                  "parentUUID": "873eeaca-71a4-4ba7-8b3a-3a2ee6888c31",
                  "isHook": false,
                  "skipped": false
                }
              ],
              "suites": [],
              "passes": [
                "67e733b0-3c07-463d-832a-ad99d56ec563"
              ],
              "failures": [],
              "pending": [],
              "skipped": [],
              "duration": 2155,
              "root": false,
              "rootEmpty": false,
              "_timeout": 2000
            },
            {
              "uuid": "f2aeba95-d59a-462a-8341-65551901c294",
              "title": "I fill contact information with invalid payment card",
              "fullFile": "",
              "file": "",
              "beforeHooks": [],
              "afterHooks": [],
              "tests": [
                {
                  "title": "I add my name, phone number and email",
                  "fullTitle": "FareHarbor - Book Online | Failed Payment I fill contact information with invalid payment card I add my name, phone number and email",
                  "timedOut": null,
                  "duration": 2064,
                  "state": "passed",
                  "speed": "fast",
                  "pass": true,
                  "fail": false,
                  "pending": false,
                  "context": null,
                  "code": "_PaymentDetailsPage.paymentDetails.fillContactInformation();",
                  "err": {},
                  "uuid": "b2de7f94-c9c4-43cc-a97b-de2f210ac886",
                  "parentUUID": "f2aeba95-d59a-462a-8341-65551901c294",
                  "isHook": false,
                  "skipped": false
                },
                {
                  "title": "I enter wrong invalid card details",
                  "fullTitle": "FareHarbor - Book Online | Failed Payment I fill contact information with invalid payment card I enter wrong invalid card details",
                  "timedOut": null,
                  "duration": 1845,
                  "state": "passed",
                  "speed": "fast",
                  "pass": true,
                  "fail": false,
                  "pending": false,
                  "context": null,
                  "code": "_PaymentDetailsPage.paymentDetails.fillPaymentCC(_example.default.invalidCards[0], _example.default.expiryMonth, _example.default.expiryYearIndex);",
                  "err": {},
                  "uuid": "b16cb350-b425-4dcf-b143-37589099b3a4",
                  "parentUUID": "f2aeba95-d59a-462a-8341-65551901c294",
                  "isHook": false,
                  "skipped": false
                }
              ],
              "suites": [],
              "passes": [
                "b2de7f94-c9c4-43cc-a97b-de2f210ac886",
                "b16cb350-b425-4dcf-b143-37589099b3a4"
              ],
              "failures": [],
              "pending": [],
              "skipped": [],
              "duration": 3909,
              "root": false,
              "rootEmpty": false,
              "_timeout": 2000
            },
            {
              "uuid": "06cac7a9-24b9-45ff-930b-f0574cb86ba3",
              "title": "Payment card declined",
              "fullFile": "",
              "file": "",
              "beforeHooks": [],
              "afterHooks": [],
              "tests": [
                {
                  "title": "I complete and play",
                  "fullTitle": "FareHarbor - Book Online | Failed Payment Payment card declined I complete and play",
                  "timedOut": null,
                  "duration": 189,
                  "state": "passed",
                  "speed": "fast",
                  "pass": true,
                  "fail": false,
                  "pending": false,
                  "context": null,
                  "code": "_PaymentDetailsPage.paymentDetails.confirmPayment();",
                  "err": {},
                  "uuid": "729ffe34-bcd1-48e5-90dd-1767802b4456",
                  "parentUUID": "06cac7a9-24b9-45ff-930b-f0574cb86ba3",
                  "isHook": false,
                  "skipped": false
                },
                {
                  "title": "I got payment card declined",
                  "fullTitle": "FareHarbor - Book Online | Failed Payment Payment card declined I got payment card declined",
                  "timedOut": null,
                  "duration": 2443,
                  "state": "passed",
                  "speed": "fast",
                  "pass": true,
                  "fail": false,
                  "pending": false,
                  "context": null,
                  "code": "_bookingConfirmationPage.bookingConfirmed.CheckPaymentDeclineStatus();",
                  "err": {},
                  "uuid": "1e19108c-5507-43b2-a622-5877a7175c79",
                  "parentUUID": "06cac7a9-24b9-45ff-930b-f0574cb86ba3",
                  "isHook": false,
                  "skipped": false
                }
              ],
              "suites": [],
              "passes": [
                "729ffe34-bcd1-48e5-90dd-1767802b4456",
                "1e19108c-5507-43b2-a622-5877a7175c79"
              ],
              "failures": [],
              "pending": [],
              "skipped": [],
              "duration": 2632,
              "root": false,
              "rootEmpty": false,
              "_timeout": 2000
            },
            {
              "uuid": "0844f0b8-3a6c-4ed0-909f-678ba65d9c7a",
              "title": "No sufficent fund with new card",
              "fullFile": "",
              "file": "",
              "beforeHooks": [],
              "afterHooks": [],
              "tests": [
                {
                  "title": "I enter other card details & confirm payment",
                  "fullTitle": "FareHarbor - Book Online | Failed Payment No sufficent fund with new card I enter other card details & confirm payment",
                  "timedOut": null,
                  "duration": 792,
                  "state": "passed",
                  "speed": "fast",
                  "pass": true,
                  "fail": false,
                  "pending": false,
                  "context": null,
                  "code": "_PaymentDetailsPage.paymentDetails.fillOtherCardDetails(_example.default.invalidCards[1]);\n_PaymentDetailsPage.paymentDetails.confirmPayment();",
                  "err": {},
                  "uuid": "26daa001-2387-400b-bdc7-b8fd63527930",
                  "parentUUID": "0844f0b8-3a6c-4ed0-909f-678ba65d9c7a",
                  "isHook": false,
                  "skipped": false
                },
                {
                  "title": "I got insufficient fund decline message",
                  "fullTitle": "FareHarbor - Book Online | Failed Payment No sufficent fund with new card I got insufficient fund decline message",
                  "timedOut": null,
                  "duration": 2247,
                  "state": "passed",
                  "speed": "fast",
                  "pass": true,
                  "fail": false,
                  "pending": false,
                  "context": null,
                  "code": "_bookingConfirmationPage.bookingConfirmed.CheckPaymentDeclineStatus();",
                  "err": {},
                  "uuid": "bd08ce8a-7b6b-48ba-b7a7-f6a1f49c70b9",
                  "parentUUID": "0844f0b8-3a6c-4ed0-909f-678ba65d9c7a",
                  "isHook": false,
                  "skipped": false
                }
              ],
              "suites": [],
              "passes": [
                "26daa001-2387-400b-bdc7-b8fd63527930",
                "bd08ce8a-7b6b-48ba-b7a7-f6a1f49c70b9"
              ],
              "failures": [],
              "pending": [],
              "skipped": [],
              "duration": 3039,
              "root": false,
              "rootEmpty": false,
              "_timeout": 2000
            }
          ],
          "passes": [],
          "failures": [],
          "pending": [],
          "skipped": [],
          "duration": 0,
          "root": false,
          "rootEmpty": false,
          "_timeout": 2000
        }
      ],
      "passes": [],
      "failures": [],
      "pending": [],
      "skipped": [],
      "duration": 0,
      "root": true,
      "rootEmpty": true,
      "_timeout": 2000
    }
  ],
  "meta": {
    "mocha": {
      "version": "7.0.1"
    },
    "mochawesome": {
      "options": {
        "quiet": false,
        "reportFilename": "mochawesome",
        "saveHtml": false,
        "saveJson": true,
        "consoleReporter": "spec",
        "useInlineDiffs": false,
        "code": true
      },
      "version": "7.1.3"
    },
    "marge": {
      "options": {
        "reportDir": "cypress/reports/mochawesome-report",
        "overwrite": false,
        "html": false,
        "json": true
      },
      "version": "6.2.0"
    }
  }
}